<?xml version="1.0" encoding="UTF-8"?>
<!-- Generated by org.testng.reporters.JUnitXMLReporter -->
<testsuite hostname="PC201710171401" ignored="0" name="Test" tests="2" failures="1" timestamp="14 十二月 2018 12:13:43 GMT" time="5.808" errors="0">
  <testcase name="f" time="4.396" classname="com.testng.testng.WebTest"/>
  <testcase name="f" time="0.807" classname="com.testng.testng.WebTest">
    <failure type="java.lang.AssertionError" message="expected [测试] but found [测试1]">
      <![CDATA[java.lang.AssertionError: expected [测试] but found [测试1]
at TestAutomationZ.Selenium.WebElementZ.ElementAction(WebElementZ.java:71)
at com.testng.testng.WebTest.doCase(WebTest.java:65)
at com.testng.testng.WebTest.f(WebTest.java:25)
... Removed 35 stack frames]]>
    </failure>
  </testcase> <!-- f -->
</testsuite> <!-- Test -->
