<?xml version="1.0" encoding="UTF-8"?>
<testng-results skipped="0" failed="0" ignored="0" total="3" passed="3">
  <reporter-output>
  </reporter-output>
  <suite name="Command line suite" duration-ms="16492" started-at="2018-12-12T09:35:31Z" finished-at="2018-12-12T09:35:48Z">
    <groups>
    </groups>
    <test name="Command line test" duration-ms="16492" started-at="2018-12-12T09:35:31Z" finished-at="2018-12-12T09:35:48Z">
      <class name="com.testng.testng.WebTest">
        <test-method status="PASS" signature="BeforeClass()[pri:0, instance:com.testng.testng.WebTest@654f0d9c]" name="BeforeClass" is-config="true" duration-ms="5" started-at="2018-12-12T09:35:31Z" finished-at="2018-12-12T09:35:31Z">
          <reporter-output>
          </reporter-output>
        </test-method> <!-- BeforeClass -->
        <test-method status="PASS" signature="f(Util.CaseModel)[pri:0, instance:com.testng.testng.WebTest@654f0d9c]" name="f" duration-ms="7180" started-at="2018-12-12T09:35:31Z" data-provider="dp" finished-at="2018-12-12T09:35:38Z">
          <params>
            <param index="0">
              <value>
                <![CDATA[CaseModel [caseName=百度搜索, stepModels=[StepModel [step=打开百度页面, Element=https://www.baidu.com/, type=, action=get
, value=, expect=, object=driver]
, StepModel [step=输入测试, Element=//*[@id="kw"], type=XPath, action=sendkeys
, value=测试, expect=, object=element]
, StepModel [step=点击搜索, Element=//*[@id="su"], type=XPath, action=click
, value=, expect=, object=element]
]]]]>
              </value>
            </param>
          </params>
          <reporter-output>
          </reporter-output>
        </test-method> <!-- f -->
        <test-method status="PASS" signature="f(Util.CaseModel)[pri:0, instance:com.testng.testng.WebTest@654f0d9c]" name="f" duration-ms="1746" started-at="2018-12-12T09:35:38Z" data-provider="dp" finished-at="2018-12-12T09:35:40Z">
          <params>
            <param index="0">
              <value>
                <![CDATA[CaseModel [caseName=百度搜索, stepModels=[StepModel [step=打开百度页面, Element=https://www.baidu.com/, type=, action=get
, value=, expect=null, object=driver]
, StepModel [step=输入测试, Element=//*[@id="kw"], type=XPath, action=sendkeys
, value=测试dsadasdsa, expect=null, object=element]
, StepModel [step=点击搜索, Element=//*[@id="su"], type=XPath, action=click
, value=, expect=null, object=element]
]]]]>
              </value>
            </param>
          </params>
          <reporter-output>
          </reporter-output>
        </test-method> <!-- f -->
        <test-method status="PASS" signature="AfterClass()[pri:0, instance:com.testng.testng.WebTest@654f0d9c]" name="AfterClass" is-config="true" duration-ms="615" started-at="2018-12-12T09:35:40Z" finished-at="2018-12-12T09:35:41Z">
          <reporter-output>
          </reporter-output>
        </test-method> <!-- AfterClass -->
        <test-method status="PASS" signature="BeforeClass()[pri:0, instance:com.testng.testng.WebTest@654f0d9c]" name="BeforeClass" is-config="true" duration-ms="1" started-at="2018-12-12T09:35:41Z" finished-at="2018-12-12T09:35:41Z">
          <reporter-output>
          </reporter-output>
        </test-method> <!-- BeforeClass -->
        <test-method status="PASS" signature="f(Util.CaseModel)[pri:0, instance:com.testng.testng.WebTest@9225652]" name="f" duration-ms="6354" started-at="2018-12-12T09:35:41Z" data-provider="dp" finished-at="2018-12-12T09:35:47Z">
          <params>
            <param index="0">
              <value>
                <![CDATA[CaseModel [caseName=百度搜索, stepModels=[StepModel [step=打开搜狗首页, Element=https://www.sogou.com/, type=null, action=get
, value=null, expect=null, object=driver]
, StepModel [step=输入测试, Element=//*[@id="query"], type=XPath, action=sendkeys
, value=搜狗搜索, expect=null, object=element]
, StepModel [step=点击搜索, Element=//*[@id="stb"], type=XPath, action=click
, value=null, expect=null, object=element]
]]]]>
              </value>
            </param>
          </params>
          <reporter-output>
          </reporter-output>
        </test-method> <!-- f -->
        <test-method status="PASS" signature="AfterClass()[pri:0, instance:com.testng.testng.WebTest@654f0d9c]" name="AfterClass" is-config="true" duration-ms="577" started-at="2018-12-12T09:35:47Z" finished-at="2018-12-12T09:35:48Z">
          <reporter-output>
          </reporter-output>
        </test-method> <!-- AfterClass -->
      </class> <!-- com.testng.testng.WebTest -->
    </test> <!-- Command line test -->
  </suite> <!-- Command line suite -->
</testng-results>
