<?xml version="1.0" encoding="UTF-8"?>
<!-- Generated by org.testng.reporters.JUnitXMLReporter -->
<testsuite hostname="PC201710171401" ignored="0" name="Command line test" tests="3" failures="0" timestamp="12 十二月 2018 09:35:48 GMT" time="16.492" errors="0">
  <testcase name="f" time="7.18" classname="com.testng.testng.WebTest"/>
  <testcase name="f" time="1.746" classname="com.testng.testng.WebTest"/>
  <testcase name="f" time="6.354" classname="com.testng.testng.WebTest"/>
</testsuite> <!-- Command line test -->
