<?xml version="1.0" encoding="UTF-8"?>
<!-- Generated by org.testng.reporters.JUnitXMLReporter -->
<testsuite hostname="PC201710171401" ignored="0" name="Command line test" tests="3" failures="0" timestamp="05 十二月 2018 13:36:48 GMT" time="9.674" errors="0">
  <testcase name="f" time="4.729" classname="com.testng.testng.WebTest"/>
  <testcase name="f" time="3.116" classname="com.testng.testng.WebTest"/>
  <testcase name="f" time="0.634" classname="com.testng.testng.WebTest"/>
</testsuite> <!-- Command line test -->
