<?xml version="1.0" encoding="UTF-8"?>
<testng-results skipped="0" failed="0" ignored="0" total="3" passed="3">
  <reporter-output>
  </reporter-output>
  <suite name="Suite" duration-ms="9025" started-at="2018-12-12T10:10:28Z" finished-at="2018-12-12T10:10:37Z">
    <groups>
    </groups>
    <test name="Test" duration-ms="9025" started-at="2018-12-12T10:10:28Z" finished-at="2018-12-12T10:10:37Z">
      <class name="com.testng.testng.WebTest">
        <test-method status="PASS" signature="BeforeClass()[pri:0, instance:com.testng.testng.WebTest@36902638]" name="BeforeClass" is-config="true" duration-ms="6" started-at="2018-12-12T10:10:28Z" finished-at="2018-12-12T10:10:28Z">
          <reporter-output>
          </reporter-output>
        </test-method> <!-- BeforeClass -->
        <test-method status="PASS" signature="f(Util.CaseModel)[pri:0, instance:com.testng.testng.WebTest@1d2adfbe]" name="f" duration-ms="3944" started-at="2018-12-12T10:10:28Z" data-provider="dp" finished-at="2018-12-12T10:10:32Z">
          <params>
            <param index="0">
              <value>
                <![CDATA[CaseModel [caseName=百度搜索, stepModels=[StepModel [step=打开搜狗首页, Element=https://www.sogou.com/, type=null, action=get
, value=null, expect=null, object=driver]
, StepModel [step=输入测试, Element=//*[@id="query"], type=XPath, action=sendkeys
, value=搜狗搜索, expect=null, object=element]
, StepModel [step=点击搜索, Element=//*[@id="stb"], type=XPath, action=click
, value=null, expect=null, object=element]
]]]]>
              </value>
            </param>
          </params>
          <reporter-output>
          </reporter-output>
        </test-method> <!-- f -->
        <test-method status="PASS" signature="AfterClass()[pri:0, instance:com.testng.testng.WebTest@36902638]" name="AfterClass" is-config="true" duration-ms="585" started-at="2018-12-12T10:10:32Z" finished-at="2018-12-12T10:10:32Z">
          <reporter-output>
          </reporter-output>
        </test-method> <!-- AfterClass -->
        <test-method status="PASS" signature="BeforeClass()[pri:0, instance:com.testng.testng.WebTest@36902638]" name="BeforeClass" is-config="true" duration-ms="0" started-at="2018-12-12T10:10:32Z" finished-at="2018-12-12T10:10:32Z">
          <reporter-output>
          </reporter-output>
        </test-method> <!-- BeforeClass -->
        <test-method status="PASS" signature="f(Util.CaseModel)[pri:0, instance:com.testng.testng.WebTest@36902638]" name="f" duration-ms="3199" started-at="2018-12-12T10:10:32Z" data-provider="dp" finished-at="2018-12-12T10:10:35Z">
          <params>
            <param index="0">
              <value>
                <![CDATA[CaseModel [caseName=百度搜索, stepModels=[StepModel [step=打开百度页面, Element=https://www.baidu.com/, type=, action=get
, value=, expect=, object=driver]
, StepModel [step=输入测试, Element=//*[@id="kw"], type=XPath, action=sendkeys
, value=测试, expect=, object=element]
, StepModel [step=点击搜索, Element=//*[@id="su"], type=XPath, action=click
, value=, expect=, object=element]
]]]]>
              </value>
            </param>
          </params>
          <reporter-output>
          </reporter-output>
        </test-method> <!-- f -->
        <test-method status="PASS" signature="f(Util.CaseModel)[pri:0, instance:com.testng.testng.WebTest@36902638]" name="f" duration-ms="667" started-at="2018-12-12T10:10:35Z" data-provider="dp" finished-at="2018-12-12T10:10:36Z">
          <params>
            <param index="0">
              <value>
                <![CDATA[CaseModel [caseName=百度搜索, stepModels=[StepModel [step=打开百度页面, Element=https://www.baidu.com/, type=, action=get
, value=, expect=null, object=driver]
, StepModel [step=输入测试, Element=//*[@id="kw"], type=XPath, action=sendkeys
, value=测试dsadasdsa, expect=null, object=element]
, StepModel [step=点击搜索, Element=//*[@id="su"], type=XPath, action=click
, value=, expect=null, object=element]
]]]]>
              </value>
            </param>
          </params>
          <reporter-output>
          </reporter-output>
        </test-method> <!-- f -->
        <test-method status="PASS" signature="AfterClass()[pri:0, instance:com.testng.testng.WebTest@36902638]" name="AfterClass" is-config="true" duration-ms="606" started-at="2018-12-12T10:10:36Z" finished-at="2018-12-12T10:10:37Z">
          <reporter-output>
          </reporter-output>
        </test-method> <!-- AfterClass -->
      </class> <!-- com.testng.testng.WebTest -->
    </test> <!-- Test -->
  </suite> <!-- Suite -->
</testng-results>
