<?xml version="1.0" encoding="UTF-8"?>
<testng-results skipped="0" failed="0" ignored="0" total="2" passed="2">
  <reporter-output>
  </reporter-output>
  <suite name="Suite" duration-ms="5581" started-at="2018-12-14T10:32:10Z" finished-at="2018-12-14T10:32:16Z">
    <groups>
    </groups>
    <test name="Test" duration-ms="5581" started-at="2018-12-14T10:32:10Z" finished-at="2018-12-14T10:32:16Z">
      <class name="com.testng.testng.WebTest">
        <test-method status="PASS" signature="BeforeClass()[pri:0, instance:com.testng.testng.WebTest@5876a9af]" name="BeforeClass" is-config="true" duration-ms="5" started-at="2018-12-14T10:32:10Z" finished-at="2018-12-14T10:32:10Z">
          <reporter-output>
          </reporter-output>
        </test-method> <!-- BeforeClass -->
        <test-method status="PASS" signature="f(TestAutomationZ.Case.CaseModel)[pri:0, instance:com.testng.testng.WebTest@5876a9af]" name="f" duration-ms="4216" started-at="2018-12-14T10:32:10Z" data-provider="dp" finished-at="2018-12-14T10:32:15Z">
          <params>
            <param index="0">
              <value>
                <![CDATA[CaseModel [caseName=百度搜索, stepModels=[StepModel [step=打开搜百度首页, Element=ElementModel [elementName=百度url, elementValue=https://www.baidu.com/, elementByType=url]
, action=get
, value=null, expect=null]
, StepModel [step=输入测试, Element=ElementModel [elementName=搜索输入框, elementValue=//*[@id="kw"], elementByType=XPath]
, action=sendkeys
, value=测试, expect=null]
, StepModel [step=点击搜索, Element=ElementModel [elementName=搜索按钮, elementValue=//*[@id="su"], elementByType=XPath]
, action=click
, value=null, expect=null]
, StepModel [step=检查搜索结果, Element=ElementModel [elementName=关键字标记, elementValue=//em[1], elementByType=XPath]
, action=gettext
, value=测试, expect=测试]
]]]]>
              </value>
            </param>
          </params>
          <reporter-output>
          </reporter-output>
        </test-method> <!-- f -->
        <test-method status="PASS" signature="f(TestAutomationZ.Case.CaseModel)[pri:0, instance:com.testng.testng.WebTest@5876a9af]" name="f" duration-ms="759" started-at="2018-12-14T10:32:15Z" data-provider="dp" finished-at="2018-12-14T10:32:15Z">
          <params>
            <param index="0">
              <value>
                <![CDATA[CaseModel [caseName=错误用例, stepModels=[StepModel [step=打开搜百度首页, Element=ElementModel [elementName=百度url, elementValue=https://www.baidu.com/, elementByType=url]
, action=get
, value=null, expect=null]
, StepModel [step=输入测试, Element=ElementModel [elementName=搜索输入框, elementValue=//*[@id="kw"], elementByType=XPath]
, action=sendkeys
, value=测试, expect=null]
, StepModel [step=点击搜索, Element=ElementModel [elementName=搜索按钮, elementValue=//*[@id="su"], elementByType=XPath]
, action=click
, value=null, expect=null]
, StepModel [step=检查搜索结果, Element=ElementModel [elementName=关键字标记, elementValue=//em[1], elementByType=XPath]
, action=gettext
, value=测试, expect=测试]
]]]]>
              </value>
            </param>
          </params>
          <reporter-output>
          </reporter-output>
        </test-method> <!-- f -->
        <test-method status="PASS" signature="AfterClass()[pri:0, instance:com.testng.testng.WebTest@5876a9af]" name="AfterClass" is-config="true" duration-ms="583" started-at="2018-12-14T10:32:15Z" finished-at="2018-12-14T10:32:16Z">
          <reporter-output>
          </reporter-output>
        </test-method> <!-- AfterClass -->
      </class> <!-- com.testng.testng.WebTest -->
    </test> <!-- Test -->
  </suite> <!-- Suite -->
</testng-results>
